debug: Fri, 26 Nov 2021 09:39:07 GMT
debug: Project: D:\Office\mmo_movement
debug: Targets: editor,preview
debug: Incremental file seems great.
debug: Engine path: C:\CocosDashboard_1.0.14\resources\.editors\Creator\3.3.1\resources\resources\3d\engine
debug: Initializing target [Editor]
debug: Loading cache
debug: Loading cache costs 1.8052000002935529ms.
debug: Engine features shipped in editor: base,gfx-webgl,gfx-webgl2,3d,2d,ui,particle,particle-2d,physics-framework,physics-2d-framework,intersection-2d,primitive,profiler,audio,video,terrain,webview,tween,tiled-map,spine,dragon-bones
debug: Initializing target [Preview]
debug: Loading cache
debug: Loading cache costs 1.6010000007227063ms.
debug: Sync engine features: base,gfx-webgl,gfx-webgl2,3d,2d,ui,particle,physics-ammo,physics-2d-box2d,intersection-2d,primitive,profiler,particle-2d,audio,video,webview,tween,terrain,tiled-map,spine,dragon-bones
debug: Pulling asset-db.
debug: Fetch asset-db cost: 14.362200000323355ms.
debug: Build iteration starts.
Number of accumulated asset changes: 7
Feature changed: false
debug: Target(editor) build started.
debug: Detected change: cce:/internal/x/cc. Last mtime: Thu Jan 01 1970 05:30:07 GMT+0530 (India Standard Time), Current mtime: Thu Jan 01 1970 05:30:06 GMT+0530 (India Standard Time)
debug: Inspect cce:/internal/x/cc
debug: Resolve cce:/internal/x/cc-fu/base from cce:/internal/x/cc as external dependency cce:/internal/x/cc-fu/base.
debug: Resolve cce:/internal/x/cc-fu/gfx-webgl from cce:/internal/x/cc as external dependency cce:/internal/x/cc-fu/gfx-webgl.
debug: Resolve cce:/internal/x/cc-fu/gfx-webgl2 from cce:/internal/x/cc as external dependency cce:/internal/x/cc-fu/gfx-webgl2.
debug: Resolve cce:/internal/x/cc-fu/3d from cce:/internal/x/cc as external dependency cce:/internal/x/cc-fu/3d.
debug: Resolve cce:/internal/x/cc-fu/2d from cce:/internal/x/cc as external dependency cce:/internal/x/cc-fu/2d.
debug: Resolve cce:/internal/x/cc-fu/ui from cce:/internal/x/cc as external dependency cce:/internal/x/cc-fu/ui.
debug: Resolve cce:/internal/x/cc-fu/particle from cce:/internal/x/cc as external dependency cce:/internal/x/cc-fu/particle.
debug: Resolve cce:/internal/x/cc-fu/particle-2d from cce:/internal/x/cc as external dependency cce:/internal/x/cc-fu/particle-2d.
debug: Resolve cce:/internal/x/cc-fu/physics-framework from cce:/internal/x/cc as external dependency cce:/internal/x/cc-fu/physics-framework.
debug: Resolve cce:/internal/x/cc-fu/physics-2d-framework from cce:/internal/x/cc as external dependency cce:/internal/x/cc-fu/physics-2d-framework.
debug: Resolve cce:/internal/x/cc-fu/intersection-2d from cce:/internal/x/cc as external dependency cce:/internal/x/cc-fu/intersection-2d.
debug: Resolve cce:/internal/x/cc-fu/primitive from cce:/internal/x/cc as external dependency cce:/internal/x/cc-fu/primitive.
debug: Resolve cce:/internal/x/cc-fu/profiler from cce:/internal/x/cc as external dependency cce:/internal/x/cc-fu/profiler.
debug: Resolve cce:/internal/x/cc-fu/audio from cce:/internal/x/cc as external dependency cce:/internal/x/cc-fu/audio.
debug: Resolve cce:/internal/x/cc-fu/video from cce:/internal/x/cc as external dependency cce:/internal/x/cc-fu/video.
debug: Resolve cce:/internal/x/cc-fu/terrain from cce:/internal/x/cc as external dependency cce:/internal/x/cc-fu/terrain.
debug: Resolve cce:/internal/x/cc-fu/webview from cce:/internal/x/cc as external dependency cce:/internal/x/cc-fu/webview.
debug: Resolve cce:/internal/x/cc-fu/tween from cce:/internal/x/cc as external dependency cce:/internal/x/cc-fu/tween.
debug: Resolve cce:/internal/x/cc-fu/tiled-map from cce:/internal/x/cc as external dependency cce:/internal/x/cc-fu/tiled-map.
debug: Resolve cce:/internal/x/cc-fu/spine from cce:/internal/x/cc as external dependency cce:/internal/x/cc-fu/spine.
debug: Resolve cce:/internal/x/cc-fu/dragon-bones from cce:/internal/x/cc as external dependency cce:/internal/x/cc-fu/dragon-bones.
debug: Detected change: cce:/internal/x/prerequisite-imports. Last mtime: Thu Jan 01 1970 06:10:58 GMT+0530 (India Standard Time), Current mtime: Thu Jan 01 1970 05:30:12 GMT+0530 (India Standard Time)
debug: Inspect cce:/internal/x/prerequisite-imports
debug: Resolve file:///D:/Office/mmo_movement/assets/Script/Player.ts from cce:/internal/x/prerequisite-imports as file:///D:/Office/mmo_movement/assets/Script/Player.ts.
debug: Resolve file:///D:/Office/mmo_movement/assets/Script/TouchController.ts from cce:/internal/x/prerequisite-imports as file:///D:/Office/mmo_movement/assets/Script/TouchController.ts.
debug: Resolve file:///D:/Office/mmo_movement/assets/Script/socket/Config.ts from cce:/internal/x/prerequisite-imports as file:///D:/Office/mmo_movement/assets/Script/socket/Config.ts.
debug: Resolve file:///D:/Office/mmo_movement/assets/Script/socket/GameManager.ts from cce:/internal/x/prerequisite-imports as file:///D:/Office/mmo_movement/assets/Script/socket/GameManager.ts.
debug: Resolve file:///D:/Office/mmo_movement/assets/Script/socket/MiloManager.ts from cce:/internal/x/prerequisite-imports as file:///D:/Office/mmo_movement/assets/Script/socket/MiloManager.ts.
debug: Resolve file:///D:/Office/mmo_movement/assets/Script/socket/SocketConnection.ts from cce:/internal/x/prerequisite-imports as file:///D:/Office/mmo_movement/assets/Script/socket/SocketConnection.ts.
debug: Detected change: cce:/internal/code-quality/cr.mjs. Last mtime: Fri Nov 26 2021 14:13:03 GMT+0530 (India Standard Time), Current mtime: Fri Nov 26 2021 15:09:00 GMT+0530 (India Standard Time)
debug: Inspect cce:/internal/code-quality/cr.mjs
debug: Detected change: cce:/internal/ml/cjs-loader.mjs. Last mtime: Fri Nov 26 2021 14:13:03 GMT+0530 (India Standard Time), Current mtime: Fri Nov 26 2021 15:09:00 GMT+0530 (India Standard Time)
debug: Inspect cce:/internal/ml/cjs-loader.mjs
debug: Create cjs interop url for 'file:///D:/Office/mmo_movement/extensions/colyseus-sdk/runtime/colyseus.js'
debug: Resolve file:///D:/Office/mmo_movement/extensions/colyseus-sdk/runtime/colyseus.js from cce:/internal/x/prerequisite-imports as file:///D:/Office/mmo_movement/extensions/colyseus-sdk/runtime/colyseus.mjs?cjs=&original=.js.
debug: Target(editor) ends with cost 256.8979000002146ms.
debug: Target(preview) build started.
debug: Detected change: cce:/internal/x/cc. Last mtime: Thu Jan 01 1970 05:30:07 GMT+0530 (India Standard Time), Current mtime: Thu Jan 01 1970 05:30:06 GMT+0530 (India Standard Time)
debug: Inspect cce:/internal/x/cc
debug: Resolve cce:/internal/x/cc-fu/base from cce:/internal/x/cc as external dependency cce:/internal/x/cc-fu/base.
debug: Resolve cce:/internal/x/cc-fu/gfx-webgl from cce:/internal/x/cc as external dependency cce:/internal/x/cc-fu/gfx-webgl.
debug: Resolve cce:/internal/x/cc-fu/gfx-webgl2 from cce:/internal/x/cc as external dependency cce:/internal/x/cc-fu/gfx-webgl2.
debug: Resolve cce:/internal/x/cc-fu/3d from cce:/internal/x/cc as external dependency cce:/internal/x/cc-fu/3d.
debug: Resolve cce:/internal/x/cc-fu/2d from cce:/internal/x/cc as external dependency cce:/internal/x/cc-fu/2d.
debug: Resolve cce:/internal/x/cc-fu/ui from cce:/internal/x/cc as external dependency cce:/internal/x/cc-fu/ui.
debug: Resolve cce:/internal/x/cc-fu/particle from cce:/internal/x/cc as external dependency cce:/internal/x/cc-fu/particle.
debug: Resolve cce:/internal/x/cc-fu/physics-ammo from cce:/internal/x/cc as external dependency cce:/internal/x/cc-fu/physics-ammo.
debug: Resolve cce:/internal/x/cc-fu/physics-framework from cce:/internal/x/cc as external dependency cce:/internal/x/cc-fu/physics-framework.
debug: Resolve cce:/internal/x/cc-fu/wait-for-ammo-instantiation from cce:/internal/x/cc as external dependency cce:/internal/x/cc-fu/wait-for-ammo-instantiation.
debug: Resolve cce:/internal/x/cc-fu/physics-2d-box2d from cce:/internal/x/cc as external dependency cce:/internal/x/cc-fu/physics-2d-box2d.
debug: Resolve cce:/internal/x/cc-fu/physics-2d-framework from cce:/internal/x/cc as external dependency cce:/internal/x/cc-fu/physics-2d-framework.
debug: Resolve cce:/internal/x/cc-fu/intersection-2d from cce:/internal/x/cc as external dependency cce:/internal/x/cc-fu/intersection-2d.
debug: Resolve cce:/internal/x/cc-fu/primitive from cce:/internal/x/cc as external dependency cce:/internal/x/cc-fu/primitive.
debug: Resolve cce:/internal/x/cc-fu/profiler from cce:/internal/x/cc as external dependency cce:/internal/x/cc-fu/profiler.
debug: Resolve cce:/internal/x/cc-fu/particle-2d from cce:/internal/x/cc as external dependency cce:/internal/x/cc-fu/particle-2d.
debug: Resolve cce:/internal/x/cc-fu/audio from cce:/internal/x/cc as external dependency cce:/internal/x/cc-fu/audio.
debug: Resolve cce:/internal/x/cc-fu/video from cce:/internal/x/cc as external dependency cce:/internal/x/cc-fu/video.
debug: Resolve cce:/internal/x/cc-fu/webview from cce:/internal/x/cc as external dependency cce:/internal/x/cc-fu/webview.
debug: Resolve cce:/internal/x/cc-fu/tween from cce:/internal/x/cc as external dependency cce:/internal/x/cc-fu/tween.
debug: Resolve cce:/internal/x/cc-fu/terrain from cce:/internal/x/cc as external dependency cce:/internal/x/cc-fu/terrain.
debug: Resolve cce:/internal/x/cc-fu/tiled-map from cce:/internal/x/cc as external dependency cce:/internal/x/cc-fu/tiled-map.
debug: Resolve cce:/internal/x/cc-fu/spine from cce:/internal/x/cc as external dependency cce:/internal/x/cc-fu/spine.
debug: Resolve cce:/internal/x/cc-fu/dragon-bones from cce:/internal/x/cc as external dependency cce:/internal/x/cc-fu/dragon-bones.
debug: Detected change: cce:/internal/x/prerequisite-imports. Last mtime: Thu Jan 01 1970 06:10:58 GMT+0530 (India Standard Time), Current mtime: Thu Jan 01 1970 05:30:13 GMT+0530 (India Standard Time)
debug: Inspect cce:/internal/x/prerequisite-imports
debug: Resolve file:///D:/Office/mmo_movement/assets/Script/Player.ts from cce:/internal/x/prerequisite-imports as file:///D:/Office/mmo_movement/assets/Script/Player.ts.
debug: Resolve file:///D:/Office/mmo_movement/assets/Script/TouchController.ts from cce:/internal/x/prerequisite-imports as file:///D:/Office/mmo_movement/assets/Script/TouchController.ts.
debug: Resolve file:///D:/Office/mmo_movement/assets/Script/socket/Config.ts from cce:/internal/x/prerequisite-imports as file:///D:/Office/mmo_movement/assets/Script/socket/Config.ts.
debug: Resolve file:///D:/Office/mmo_movement/assets/Script/socket/GameManager.ts from cce:/internal/x/prerequisite-imports as file:///D:/Office/mmo_movement/assets/Script/socket/GameManager.ts.
debug: Resolve file:///D:/Office/mmo_movement/assets/Script/socket/MiloManager.ts from cce:/internal/x/prerequisite-imports as file:///D:/Office/mmo_movement/assets/Script/socket/MiloManager.ts.
debug: Resolve file:///D:/Office/mmo_movement/assets/Script/socket/SocketConnection.ts from cce:/internal/x/prerequisite-imports as file:///D:/Office/mmo_movement/assets/Script/socket/SocketConnection.ts.
debug: Detected change: cce:/internal/code-quality/cr.mjs. Last mtime: Fri Nov 26 2021 14:13:03 GMT+0530 (India Standard Time), Current mtime: Fri Nov 26 2021 15:09:00 GMT+0530 (India Standard Time)
debug: Inspect cce:/internal/code-quality/cr.mjs
debug: Detected change: cce:/internal/ml/cjs-loader.mjs. Last mtime: Fri Nov 26 2021 14:13:03 GMT+0530 (India Standard Time), Current mtime: Fri Nov 26 2021 15:09:00 GMT+0530 (India Standard Time)
debug: Inspect cce:/internal/ml/cjs-loader.mjs
debug: Create cjs interop url for 'file:///D:/Office/mmo_movement/extensions/colyseus-sdk/runtime/colyseus.js'
debug: Resolve file:///D:/Office/mmo_movement/extensions/colyseus-sdk/runtime/colyseus.js from cce:/internal/x/prerequisite-imports as file:///D:/Office/mmo_movement/extensions/colyseus-sdk/runtime/colyseus.mjs?cjs=&original=.js.
debug: Target(preview) ends with cost 230.10500000044703ms.
debug: Dispatch build request for time accumulated 2 asset changes.
debug: Build iteration starts.
Number of accumulated asset changes: 2
Feature changed: false
debug: Target(editor) build started.
debug: Detected change: cce:/internal/x/prerequisite-imports. Last mtime: Thu Jan 01 1970 05:30:12 GMT+0530 (India Standard Time), Current mtime: Thu Jan 01 1970 05:51:18 GMT+0530 (India Standard Time)
debug: Inspect cce:/internal/x/prerequisite-imports
debug: Resolve file:///D:/Office/mmo_movement/assets/Script/Player.ts from cce:/internal/x/prerequisite-imports as file:///D:/Office/mmo_movement/assets/Script/Player.ts.
debug: Resolve file:///D:/Office/mmo_movement/assets/Script/TouchController.ts from cce:/internal/x/prerequisite-imports as file:///D:/Office/mmo_movement/assets/Script/TouchController.ts.
debug: Resolve file:///D:/Office/mmo_movement/assets/Script/socket/Config.ts from cce:/internal/x/prerequisite-imports as file:///D:/Office/mmo_movement/assets/Script/socket/Config.ts.
debug: Resolve file:///D:/Office/mmo_movement/assets/Script/socket/GameManager.ts from cce:/internal/x/prerequisite-imports as file:///D:/Office/mmo_movement/assets/Script/socket/GameManager.ts.
debug: Resolve file:///D:/Office/mmo_movement/assets/Script/socket/MiloManager.ts from cce:/internal/x/prerequisite-imports as file:///D:/Office/mmo_movement/assets/Script/socket/MiloManager.ts.
debug: Resolve file:///D:/Office/mmo_movement/assets/Script/socket/SocketConnection.ts from cce:/internal/x/prerequisite-imports as file:///D:/Office/mmo_movement/assets/Script/socket/SocketConnection.ts.
debug: Detected change: file:///D:/Office/mmo_movement/assets/Script/TouchController.ts. Last mtime: Fri Nov 26 2021 14:50:02 GMT+0530 (India Standard Time), Current mtime: Fri Nov 26 2021 15:26:45 GMT+0530 (India Standard Time)
debug: Inspect file:///D:/Office/mmo_movement/assets/Script/TouchController.ts
debug: Detected change: file:///D:/Office/mmo_movement/assets/Script/socket/GameManager.ts. Last mtime: Fri Nov 26 2021 14:29:38 GMT+0530 (India Standard Time), Current mtime: Fri Nov 26 2021 15:30:11 GMT+0530 (India Standard Time)
debug: Inspect file:///D:/Office/mmo_movement/assets/Script/socket/GameManager.ts
debug: Create cjs interop url for 'file:///D:/Office/mmo_movement/extensions/colyseus-sdk/runtime/colyseus.js'
debug: Resolve file:///D:/Office/mmo_movement/extensions/colyseus-sdk/runtime/colyseus.js from cce:/internal/x/prerequisite-imports as file:///D:/Office/mmo_movement/extensions/colyseus-sdk/runtime/colyseus.mjs?cjs=&original=.js.
debug: Resolve cc from file:///D:/Office/mmo_movement/assets/Script/TouchController.ts as cce:/internal/x/cc.
debug: Resolve cc from file:///D:/Office/mmo_movement/assets/Script/TouchController.ts as cce:/internal/x/cc.
debug: Resolve cce:/internal/code-quality/cr.mjs from file:///D:/Office/mmo_movement/assets/Script/socket/GameManager.ts as cce:/internal/code-quality/cr.mjs.
debug: Resolve cc from file:///D:/Office/mmo_movement/assets/Script/socket/GameManager.ts as cce:/internal/x/cc.
debug: Resolve cc from file:///D:/Office/mmo_movement/assets/Script/socket/GameManager.ts as cce:/internal/x/cc.
debug: Resolve ./Config from file:///D:/Office/mmo_movement/assets/Script/socket/GameManager.ts as file:///D:/Office/mmo_movement/assets/Script/socket/Config.ts.
debug: Resolve ./SocketConnection from file:///D:/Office/mmo_movement/assets/Script/socket/GameManager.ts as file:///D:/Office/mmo_movement/assets/Script/socket/SocketConnection.ts.
debug: Target(editor) ends with cost 430.7979000005871ms.
debug: Target(preview) build started.
debug: Detected change: cce:/internal/x/prerequisite-imports. Last mtime: Thu Jan 01 1970 05:30:13 GMT+0530 (India Standard Time), Current mtime: Thu Jan 01 1970 05:51:18 GMT+0530 (India Standard Time)
debug: Inspect cce:/internal/x/prerequisite-imports
debug: Resolve file:///D:/Office/mmo_movement/assets/Script/Player.ts from cce:/internal/x/prerequisite-imports as file:///D:/Office/mmo_movement/assets/Script/Player.ts.
debug: Resolve file:///D:/Office/mmo_movement/assets/Script/TouchController.ts from cce:/internal/x/prerequisite-imports as file:///D:/Office/mmo_movement/assets/Script/TouchController.ts.
debug: Resolve file:///D:/Office/mmo_movement/assets/Script/socket/Config.ts from cce:/internal/x/prerequisite-imports as file:///D:/Office/mmo_movement/assets/Script/socket/Config.ts.
debug: Resolve file:///D:/Office/mmo_movement/assets/Script/socket/GameManager.ts from cce:/internal/x/prerequisite-imports as file:///D:/Office/mmo_movement/assets/Script/socket/GameManager.ts.
debug: Resolve file:///D:/Office/mmo_movement/assets/Script/socket/MiloManager.ts from cce:/internal/x/prerequisite-imports as file:///D:/Office/mmo_movement/assets/Script/socket/MiloManager.ts.
debug: Resolve file:///D:/Office/mmo_movement/assets/Script/socket/SocketConnection.ts from cce:/internal/x/prerequisite-imports as file:///D:/Office/mmo_movement/assets/Script/socket/SocketConnection.ts.
debug: Detected change: file:///D:/Office/mmo_movement/assets/Script/TouchController.ts. Last mtime: Fri Nov 26 2021 14:50:02 GMT+0530 (India Standard Time), Current mtime: Fri Nov 26 2021 15:26:45 GMT+0530 (India Standard Time)
debug: Inspect file:///D:/Office/mmo_movement/assets/Script/TouchController.ts
debug: Detected change: file:///D:/Office/mmo_movement/assets/Script/socket/GameManager.ts. Last mtime: Fri Nov 26 2021 14:29:38 GMT+0530 (India Standard Time), Current mtime: Fri Nov 26 2021 15:30:11 GMT+0530 (India Standard Time)
debug: Inspect file:///D:/Office/mmo_movement/assets/Script/socket/GameManager.ts
debug: Create cjs interop url for 'file:///D:/Office/mmo_movement/extensions/colyseus-sdk/runtime/colyseus.js'
debug: Resolve file:///D:/Office/mmo_movement/extensions/colyseus-sdk/runtime/colyseus.js from cce:/internal/x/prerequisite-imports as file:///D:/Office/mmo_movement/extensions/colyseus-sdk/runtime/colyseus.mjs?cjs=&original=.js.
debug: Resolve cc from file:///D:/Office/mmo_movement/assets/Script/TouchController.ts as cce:/internal/x/cc.
debug: Resolve cc from file:///D:/Office/mmo_movement/assets/Script/TouchController.ts as cce:/internal/x/cc.
debug: Resolve cce:/internal/code-quality/cr.mjs from file:///D:/Office/mmo_movement/assets/Script/socket/GameManager.ts as cce:/internal/code-quality/cr.mjs.
debug: Resolve cc from file:///D:/Office/mmo_movement/assets/Script/socket/GameManager.ts as cce:/internal/x/cc.
debug: Resolve cc from file:///D:/Office/mmo_movement/assets/Script/socket/GameManager.ts as cce:/internal/x/cc.
debug: Resolve ./SocketConnection from file:///D:/Office/mmo_movement/assets/Script/socket/GameManager.ts as file:///D:/Office/mmo_movement/assets/Script/socket/SocketConnection.ts.
debug: Resolve ./Config from file:///D:/Office/mmo_movement/assets/Script/socket/GameManager.ts as file:///D:/Office/mmo_movement/assets/Script/socket/Config.ts.
debug: Target(preview) ends with cost 287.2060000002384ms.
debug: Dispatch build request for time accumulated 3 asset changes.
debug: Build iteration starts.
Number of accumulated asset changes: 3
Feature changed: false
debug: Target(editor) build started.
debug: Detected change: cce:/internal/x/prerequisite-imports. Last mtime: Thu Jan 01 1970 05:51:18 GMT+0530 (India Standard Time), Current mtime: Thu Jan 01 1970 07:58:29 GMT+0530 (India Standard Time)
debug: Inspect cce:/internal/x/prerequisite-imports
debug: Resolve file:///D:/Office/mmo_movement/assets/Script/Player.ts from cce:/internal/x/prerequisite-imports as file:///D:/Office/mmo_movement/assets/Script/Player.ts.
debug: Resolve file:///D:/Office/mmo_movement/assets/Script/TouchController.ts from cce:/internal/x/prerequisite-imports as file:///D:/Office/mmo_movement/assets/Script/TouchController.ts.
debug: Resolve file:///D:/Office/mmo_movement/assets/Script/socket/Config.ts from cce:/internal/x/prerequisite-imports as file:///D:/Office/mmo_movement/assets/Script/socket/Config.ts.
debug: Resolve file:///D:/Office/mmo_movement/assets/Script/socket/MiloManager.ts from cce:/internal/x/prerequisite-imports as file:///D:/Office/mmo_movement/assets/Script/socket/MiloManager.ts.
debug: Resolve file:///D:/Office/mmo_movement/assets/Script/socket/GameManager.ts from cce:/internal/x/prerequisite-imports as file:///D:/Office/mmo_movement/assets/Script/socket/GameManager.ts.
debug: Resolve file:///D:/Office/mmo_movement/assets/Script/socket/SocketConnection.ts from cce:/internal/x/prerequisite-imports as file:///D:/Office/mmo_movement/assets/Script/socket/SocketConnection.ts.
debug: Detected change: file:///D:/Office/mmo_movement/assets/Script/Player.ts. Last mtime: Thu Nov 25 2021 13:36:16 GMT+0530 (India Standard Time), Current mtime: Fri Nov 26 2021 15:46:15 GMT+0530 (India Standard Time)
debug: Inspect file:///D:/Office/mmo_movement/assets/Script/Player.ts
debug: Detected change: file:///D:/Office/mmo_movement/assets/Script/TouchController.ts. Last mtime: Fri Nov 26 2021 15:26:45 GMT+0530 (India Standard Time), Current mtime: Fri Nov 26 2021 15:36:10 GMT+0530 (India Standard Time)
debug: Inspect file:///D:/Office/mmo_movement/assets/Script/TouchController.ts
debug: Detected change: file:///D:/Office/mmo_movement/assets/Script/socket/GameManager.ts. Last mtime: Fri Nov 26 2021 15:30:11 GMT+0530 (India Standard Time), Current mtime: Fri Nov 26 2021 15:45:28 GMT+0530 (India Standard Time)
debug: Inspect file:///D:/Office/mmo_movement/assets/Script/socket/GameManager.ts
debug: Create cjs interop url for 'file:///D:/Office/mmo_movement/extensions/colyseus-sdk/runtime/colyseus.js'
debug: Resolve file:///D:/Office/mmo_movement/extensions/colyseus-sdk/runtime/colyseus.js from cce:/internal/x/prerequisite-imports as file:///D:/Office/mmo_movement/extensions/colyseus-sdk/runtime/colyseus.mjs?cjs=&original=.js.
debug: Resolve cc from file:///D:/Office/mmo_movement/assets/Script/TouchController.ts as cce:/internal/x/cc.
debug: Resolve cc from file:///D:/Office/mmo_movement/assets/Script/TouchController.ts as cce:/internal/x/cc.
debug: Resolve cce:/internal/code-quality/cr.mjs from file:///D:/Office/mmo_movement/assets/Script/Player.ts as cce:/internal/code-quality/cr.mjs.
debug: Resolve cc from file:///D:/Office/mmo_movement/assets/Script/Player.ts as cce:/internal/x/cc.
debug: Resolve cc from file:///D:/Office/mmo_movement/assets/Script/Player.ts as cce:/internal/x/cc.
debug: Resolve cce:/internal/code-quality/cr.mjs from file:///D:/Office/mmo_movement/assets/Script/socket/GameManager.ts as cce:/internal/code-quality/cr.mjs.
debug: Resolve cc from file:///D:/Office/mmo_movement/assets/Script/socket/GameManager.ts as cce:/internal/x/cc.
debug: Resolve cc from file:///D:/Office/mmo_movement/assets/Script/socket/GameManager.ts as cce:/internal/x/cc.
debug: Resolve ./socket/Config from file:///D:/Office/mmo_movement/assets/Script/Player.ts as file:///D:/Office/mmo_movement/assets/Script/socket/Config.ts.
debug: Resolve ./Config from file:///D:/Office/mmo_movement/assets/Script/socket/GameManager.ts as file:///D:/Office/mmo_movement/assets/Script/socket/Config.ts.
debug: Resolve ./SocketConnection from file:///D:/Office/mmo_movement/assets/Script/socket/GameManager.ts as file:///D:/Office/mmo_movement/assets/Script/socket/SocketConnection.ts.
debug: Target(editor) ends with cost 283.3846000023186ms.
debug: Target(preview) build started.
debug: Detected change: cce:/internal/x/prerequisite-imports. Last mtime: Thu Jan 01 1970 05:51:18 GMT+0530 (India Standard Time), Current mtime: Thu Jan 01 1970 07:58:29 GMT+0530 (India Standard Time)
debug: Inspect cce:/internal/x/prerequisite-imports
debug: Resolve file:///D:/Office/mmo_movement/assets/Script/Player.ts from cce:/internal/x/prerequisite-imports as file:///D:/Office/mmo_movement/assets/Script/Player.ts.
debug: Resolve file:///D:/Office/mmo_movement/assets/Script/TouchController.ts from cce:/internal/x/prerequisite-imports as file:///D:/Office/mmo_movement/assets/Script/TouchController.ts.
debug: Resolve file:///D:/Office/mmo_movement/assets/Script/socket/Config.ts from cce:/internal/x/prerequisite-imports as file:///D:/Office/mmo_movement/assets/Script/socket/Config.ts.
debug: Resolve file:///D:/Office/mmo_movement/assets/Script/socket/GameManager.ts from cce:/internal/x/prerequisite-imports as file:///D:/Office/mmo_movement/assets/Script/socket/GameManager.ts.
debug: Resolve file:///D:/Office/mmo_movement/assets/Script/socket/MiloManager.ts from cce:/internal/x/prerequisite-imports as file:///D:/Office/mmo_movement/assets/Script/socket/MiloManager.ts.
debug: Resolve file:///D:/Office/mmo_movement/assets/Script/socket/SocketConnection.ts from cce:/internal/x/prerequisite-imports as file:///D:/Office/mmo_movement/assets/Script/socket/SocketConnection.ts.
debug: Detected change: file:///D:/Office/mmo_movement/assets/Script/Player.ts. Last mtime: Thu Nov 25 2021 13:36:16 GMT+0530 (India Standard Time), Current mtime: Fri Nov 26 2021 15:46:15 GMT+0530 (India Standard Time)
debug: Inspect file:///D:/Office/mmo_movement/assets/Script/Player.ts
debug: Detected change: file:///D:/Office/mmo_movement/assets/Script/TouchController.ts. Last mtime: Fri Nov 26 2021 15:26:45 GMT+0530 (India Standard Time), Current mtime: Fri Nov 26 2021 15:36:10 GMT+0530 (India Standard Time)
debug: Inspect file:///D:/Office/mmo_movement/assets/Script/TouchController.ts
debug: Detected change: file:///D:/Office/mmo_movement/assets/Script/socket/GameManager.ts. Last mtime: Fri Nov 26 2021 15:30:11 GMT+0530 (India Standard Time), Current mtime: Fri Nov 26 2021 15:45:28 GMT+0530 (India Standard Time)
debug: Inspect file:///D:/Office/mmo_movement/assets/Script/socket/GameManager.ts
debug: Create cjs interop url for 'file:///D:/Office/mmo_movement/extensions/colyseus-sdk/runtime/colyseus.js'
debug: Resolve file:///D:/Office/mmo_movement/extensions/colyseus-sdk/runtime/colyseus.js from cce:/internal/x/prerequisite-imports as file:///D:/Office/mmo_movement/extensions/colyseus-sdk/runtime/colyseus.mjs?cjs=&original=.js.
debug: Resolve cc from file:///D:/Office/mmo_movement/assets/Script/TouchController.ts as cce:/internal/x/cc.
debug: Resolve cc from file:///D:/Office/mmo_movement/assets/Script/TouchController.ts as cce:/internal/x/cc.
debug: Resolve cce:/internal/code-quality/cr.mjs from file:///D:/Office/mmo_movement/assets/Script/socket/GameManager.ts as cce:/internal/code-quality/cr.mjs.
debug: Resolve cc from file:///D:/Office/mmo_movement/assets/Script/socket/GameManager.ts as cce:/internal/x/cc.
debug: Resolve cc from file:///D:/Office/mmo_movement/assets/Script/socket/GameManager.ts as cce:/internal/x/cc.
debug: Resolve cce:/internal/code-quality/cr.mjs from file:///D:/Office/mmo_movement/assets/Script/Player.ts as cce:/internal/code-quality/cr.mjs.
debug: Resolve cc from file:///D:/Office/mmo_movement/assets/Script/Player.ts as cce:/internal/x/cc.
debug: Resolve cc from file:///D:/Office/mmo_movement/assets/Script/Player.ts as cce:/internal/x/cc.
debug: Resolve ./Config from file:///D:/Office/mmo_movement/assets/Script/socket/GameManager.ts as file:///D:/Office/mmo_movement/assets/Script/socket/Config.ts.
debug: Resolve ./SocketConnection from file:///D:/Office/mmo_movement/assets/Script/socket/GameManager.ts as file:///D:/Office/mmo_movement/assets/Script/socket/SocketConnection.ts.
debug: Resolve ./socket/Config from file:///D:/Office/mmo_movement/assets/Script/Player.ts as file:///D:/Office/mmo_movement/assets/Script/socket/Config.ts.
debug: Target(preview) ends with cost 344.98420000076294ms.
